<?xml version="1.0" encoding="UTF-8"?>
<testng-results ignored="0" total="1" passed="1" failed="0" skipped="0">
  <reporter-output>
  </reporter-output>
  <suite started-at="2020-10-30T18:48:56Z" name="BDD Test Suite" finished-at="2020-10-30T18:49:25Z" duration-ms="28780">
    <groups>
      <group name="cucumber">
        <method signature="MyRunner.feature(cucumber.api.testng.CucumberFeatureWrapper)[pri:0, instance:com.qa.runner.MyRunner@51399530]" name="feature" class="com.qa.runner.MyRunner"/>
      </group> <!-- cucumber -->
    </groups>
    <test started-at="2020-10-30T18:48:56Z" name="FREE CRM Test" finished-at="2020-10-30T18:49:25Z" duration-ms="28780">
      <class name="com.qa.runner.MyRunner">
        <test-method is-config="true" signature="setUpClass()[pri:0, instance:com.qa.runner.MyRunner@51399530]" started-at="2020-10-30T18:48:56Z" name="setUpClass" finished-at="2020-10-30T18:48:57Z" duration-ms="545" status="PASS">
          <reporter-output>
          </reporter-output>
        </test-method> <!-- setUpClass -->
        <test-method signature="feature(cucumber.api.testng.CucumberFeatureWrapper)[pri:0, instance:com.qa.runner.MyRunner@51399530]" started-at="2020-10-30T18:48:57Z" name="feature" description="Runs Cucumber Feature" data-provider="features" finished-at="2020-10-30T18:49:25Z" duration-ms="27914" status="PASS">
          <params>
            <param index="0">
              <value>
                <![CDATA[FreeCRM Login Page]]>
              </value>
            </param>
          </params>
          <reporter-output>
          </reporter-output>
        </test-method> <!-- feature -->
        <test-method is-config="true" signature="tearDownClass()[pri:0, instance:com.qa.runner.MyRunner@51399530]" started-at="2020-10-30T18:49:25Z" name="tearDownClass" finished-at="2020-10-30T18:49:25Z" duration-ms="85" status="PASS">
          <reporter-output>
          </reporter-output>
        </test-method> <!-- tearDownClass -->
      </class> <!-- com.qa.runner.MyRunner -->
    </test> <!-- FREE CRM Test -->
  </suite> <!-- BDD Test Suite -->
</testng-results>
